
📊 STEP 1: Updating Portfolio Prices...
============================================================
🚀 Portfolio Price Update - KIS API Edition
============================================================

🔑 Getting KIS access token...
✅ KIS token obtained

📊 Loaded 57 assets from portfolio
📋 Columns: ['자산', '분류', '수량', '자산가치', '매수가', '현재가', '손익', '배당월', '투자배당률']

[1/57] 삼성전자... ✅ ₩172,200
[2/57] BTC/KRW... ✅ ₩104,665,542
[3/57] TIGER 코리아AI전력기기TOP3+... ⏭️  ETF - skipped
[4/57] 샤오미... ⏭️  Skipped
[5/57] TIGER 글로벌AI액티브... ⏭️  ETF - skipped
[6/57] ARTY... ⏭️  Skipped
[7/57] 파마리서치... ✅ ₩288,000
[8/57] SOL 미국AI전력인프라... ✅ ₩132,392
[9/57] 현대차3우B... ✅ ₩231,500
[10/57] INTC... ⏭️  Skipped
[11/57] DL이앤씨우... ⏭️  Skipped
[12/57] TIGER 미국테크TOP10 INDXX... ⏭️  ETF - skipped
[13/57] 두산... ✅ ₩963,000
[14/57] 삼성전자우... ❌ Failed
[15/57] NLR... ✅ $143.67
[16/57] GRID ETF... ⏭️  ETF - skipped
[17/57] ESR켄달스퀘어리츠... ⏭️  Skipped
[18/57] ETH/KRW... ✅ ₩3,038,040
[19/57] NVDA... ✅ $180.05
[20/57] USD 현금... 💵 Cash - skipped
[21/57] KODEX 미국30년국채액티브(H)... ⏭️  ETF - skipped
[22/57] HSAI... ✅ $25.02
[23/57] TIGER 테슬라채권혼합Fn... ⏭️  ETF - skipped
[24/57] 코람코라이프인프라리츠... ✅ ₩4,310
[25/57] TSLA... ✅ $392.43
[26/57] 네이버... ✅ ₩208,000
[27/57] ACE 구글밸류체인액티브... ⏭️  ETF - skipped
[28/57] TIME 글로벌우주테크&방산... ⏭️  Skipped
[29/57] AMD... ✅ $190.95
[30/57] 현대차우... ✅ ₩242,000
[31/57] SOL/KRW... ✅ ₩132,346
[32/57] SK리츠... ✅ ₩0
[33/57] KODEX 미국30년국채울트라(H)... ⏭️  ETF - skipped
[34/57] 신한서부티엔디리츠... ⏭️  Skipped
[35/57] 이지스밸류플러스리츠... ✅ ₩15,220
[36/57] LINK/USD... ✅ $9.21
[37/57] KODEX 미국S&P500헬스케어... ⏭️  ETF - skipped
[38/57] 엘오티베큠... ✅ ₩5,060
[39/57] 현대건설... ✅ ₩126,900
[40/57] AMZN... ✅ $208.73
[41/57] TIGER 코스피고배당... ⏭️  ETF - skipped
[42/57] TIGER 미국초단기국채... ⏭️  ETF - skipped
[43/57] LLY... ✅ $1007.73
[44/57] 미래에셋현금성자산... 💵 Cash - skipped
[45/57] KODEX TRF3070... ⏭️  ETF - skipped
[46/57] TIGER 글로벌멀티에셋TIF... ⏭️  ETF - skipped
[47/57] MSFT... ✅ $403.93
[48/57] TIGER 미국달러단기채권... ⏭️  ETF - skipped
[49/57] TIGER 글로벌AI사이버보안... ⏭️  ETF - skipped
[50/57] GOOGL... ✅ $303.58
[51/57] KRW 현금... 💵 Cash - skipped
[52/57] 삼성SDI... ✅ ₩351,000
[53/57] RTX... ✅ $206.52
[54/57] PLTR... ✅ $147.22
[55/57] HANARO 글로벌금채굴기업... ⏭️  Skipped
[56/57] 세아베스틸지주... ✅ ₩58,500
[57/57] LG에너지솔루션... ✅ ₩347,500

============================================================
✅ Updated: 30 | ❌ Failed: 1 | ⏭️ Skipped: 26
============================================================

💾 Saved to: /Users/geon/.openclaw/workspace/portfolio_full.csv
============================================================
🚀 Portfolio Price Update - KIS API Edition
============================================================

🔑 Getting KIS access token...
✅ KIS token obtained

📊 Loaded 57 assets from portfolio
📋 Columns: ['자산', '분류', '수량', '자산가치', '매수가', '현재가', '손익', '배당월', '투자배당률']

[1/57] 삼성전자... ✅ ₩172,200
[2/57] BTC/KRW... ✅ ₩104,665,542
[3/57] TIGER 코리아AI전력기기TOP3+... ⏭️  ETF - skipped
[4/57] 샤오미... ⏭️  Skipped
[5/57] TIGER 글로벌AI액티브... ⏭️  ETF - skipped
[6/57] ARTY... ⏭️  Skipped
[7/57] 파마리서치... ✅ ₩288,000
[8/57] SOL 미국AI전력인프라... ✅ ₩132,392
[9/57] 현대차3우B... ✅ ₩231,500
[10/57] INTC... ⏭️  Skipped
[11/57] DL이앤씨우... ⏭️  Skipped
[12/57] TIGER 미국테크TOP10 INDXX... ⏭️  ETF - skipped
[13/57] 두산... ✅ ₩963,000
[14/57] 삼성전자우... ❌ Failed
[15/57] NLR... ✅ $143.67
[16/57] GRID ETF... ⏭️  ETF - skipped
[17/57] ESR켄달스퀘어리츠... ⏭️  Skipped
[18/57] ETH/KRW... ✅ ₩3,038,040
[19/57] NVDA... ✅ $180.05
[20/57] USD 현금... 💵 Cash - skipped
[21/57] KODEX 미국30년국채액티브(H)... ⏭️  ETF - skipped
[22/57] HSAI... ✅ $25.02
[23/57] TIGER 테슬라채권혼합Fn... ⏭️  ETF - skipped
[24/57] 코람코라이프인프라리츠... ✅ ₩4,310
[25/57] TSLA... ✅ $392.43
[26/57] 네이버... ✅ ₩208,000
[27/57] ACE 구글밸류체인액티브... ⏭️  ETF - skipped
[28/57] TIME 글로벌우주테크&방산... ⏭️  Skipped
[29/57] AMD... ✅ $190.95
[30/57] 현대차우... ✅ ₩242,000
[31/57] SOL/KRW... ✅ ₩132,346
[32/57] SK리츠... ✅ ₩0
[33/57] KODEX 미국30년국채울트라(H)... ⏭️  ETF - skipped
[34/57] 신한서부티엔디리츠... ⏭️  Skipped
[35/57] 이지스밸류플러스리츠... ✅ ₩15,220
[36/57] LINK/USD... ✅ $9.21
[37/57] KODEX 미국S&P500헬스케어... ⏭️  ETF - skipped
[38/57] 엘오티베큠... ✅ ₩5,060
[39/57] 현대건설... ✅ ₩126,900
[40/57] AMZN... ✅ $208.73
[41/57] TIGER 코스피고배당... ⏭️  ETF - skipped
[42/57] TIGER 미국초단기국채... ⏭️  ETF - skipped
[43/57] LLY... ✅ $1007.73
[44/57] 미래에셋현금성자산... 💵 Cash - skipped
[45/57] KODEX TRF3070... ⏭️  ETF - skipped
[46/57] TIGER 글로벌멀티에셋TIF... ⏭️  ETF - skipped
[47/57] MSFT... ✅ $403.93
[48/57] TIGER 미국달러단기채권... ⏭️  ETF - skipped
[49/57] TIGER 글로벌AI사이버보안... ⏭️  ETF - skipped
[50/57] GOOGL... ✅ $303.58
[51/57] KRW 현금... 💵 Cash - skipped
[52/57] 삼성SDI... ✅ ₩351,000
[53/57] RTX... ✅ $206.52
[54/57] PLTR... ✅ $147.22
[55/57] HANARO 글로벌금채굴기업... ⏭️  Skipped
[56/57] 세아베스틸지주... ✅ ₩58,500
[57/57] LG에너지솔루션... ✅ ₩347,500

============================================================
✅ Updated: 30 | ❌ Failed: 1 | ⏭️ Skipped: 26
============================================================

💾 Saved to: /Users/geon/.openclaw/workspace/portfolio_full.csv
✅ Portfolio prices updated

📈 STEP 2: Generating Portfolio Dashboard...
✅ Portfolio dashboard generated: /Users/geon/.openclaw/workspace/public/portfolio_dashboard_live.html
📊 Total Value: ₩10.9억
📈 Total P&L: ₩4.7억 (+76.3%)
📋 Assets: 57 (all shown)
✅ Portfolio dashboard generated: /Users/geon/.openclaw/workspace/public/portfolio_dashboard_live.html
📊 Total Value: ₩10.9억
📈 Total P&L: ₩4.7억 (+76.3%)
📋 Assets: 57 (all shown)
✅ Portfolio dashboard generated

📖 STEP 3: Generating Dynamic Playbook...
✅ Playbook generated: /Users/geon/.openclaw/workspace/public/portfolio_playbook_live.html
📊 Total Value: ₩10.9억
📈 Total P&L: ₩1.8억
🎯 Actions: 5 generated
📈 WiseReport Picks: ['씨젠', '+63.0%', '피에스케이홀딩스']
✅ Playbook generated: /Users/geon/.openclaw/workspace/public/portfolio_playbook_live.html
📊 Total Value: ₩10.9억
📈 Total P&L: ₩1.8억
🎯 Actions: 5 generated
📈 WiseReport Picks: ['씨젠', '+63.0%', '피에스케이홀딩스']
✅ Playbook generated with latest data

📰 STEP 4: Checking WiseReport updates...
✅ WiseReport data current (2026-03-04)

☁️  STEP 5: Deploying to Cloudflare Pages...

 ⛅️ wrangler 4.69.0 (update available 4.70.0)
─────────────────────────────────────────────

 ⛅️ wrangler 4.69.0 (update available 4.70.0)
─────────────────────────────────────────────
fatal: ambiguous argument 'HEAD': unknown revision or path not in the working tree.
Use '--' to separate paths from revisions, like this:
'git <command> [<revision>...] -- [<file>...]'
fatal: ambiguous argument 'HEAD': unknown revision or path not in the working tree.
Use '--' to separate paths from revisions, like this:
'git <command> [<revision>...] -- [<file>...]'
Uploading... (3/4)
Uploading... (3/4)
Uploading... (4/4)
Uploading... (4/4)
✨ Success! Uploaded 1 files (3 already uploaded) (1.13 sec)

✨ Success! Uploaded 1 files (3 already uploaded) (1.13 sec)

🌎 Deploying...
🌎 Deploying...
✨ Deployment complete! Take a peek over at https://938e764c.portfolio-mobile-openclaw.pages.dev
✨ Deployment complete! Take a peek over at https://938e764c.portfolio-mobile-openclaw.pages.dev

==========================================
✅ DAILY UPDATE COMPLETE!
==========================================

🌐 Updated URLs:
   • Command Center: https://portfolio-mobile-openclaw.pages.dev/command.html
   • Portfolio: https://portfolio-mobile-openclaw.pages.dev/portfolio.html
   • Playbook: https://portfolio-mobile-openclaw.pages.dev/playbook.html
   • WiseReport: https://portfolio-mobile-openclaw.pages.dev/

📊 Updated Content:
   • Portfolio prices (KIS API)
   • All 57 stocks with latest prices
   • Playbook with WiseReport integration
   • Sector breakdown & risk analysis

⏰ Next Update: Tomorrow 07:00 KST
📝 Log: /Users/geon/.openclaw/workspace/logs/master_update_20260304.log

🎯 All systems updated and deployed successfully!
