========================================
🚀 Portfolio Update - 2026-03-03 22:34:28
========================================
📊 Step 1: KIS API 주가 수짜
============================================================
🚀 KIS 포트폴리오 가격 업데이트
============================================================

✅ DB 준비 완료: /Users/geon/.openclaw/workspace/prices.db
1️⃣ 토큰 발급 중...
✅ 토큰 발급 완료

2️⃣ 종목 가격 조회 중...
------------------------------------------------------------
✅ 삼성전자            (005930): ₩195,100 (-9.88%)
✅ 삼성전자우           (005935): ₩129,200 (-10.15%)
❌ SK하이닉스          (000660): 조회 실패
❌ 현대차             (005380): 조회 실패
✅ 현대차3우B          (005389): ₩268,000 (-12.56%)
✅ 현대차우            (005385): ₩282,000 (-12.29%)
❌ 기아              (000270): 조회 실패
❌ 네이버             (035420): 조회 실패
❌ 카카오             (035720): 조회 실패
❌ LG화학            (051910): 조회 실패
❌ 삼성SDI           (006400): 조회 실패
❌ LG에너지솔루션        (373220): 조회 실패
❌ 두산              (000150): 조회 실패
❌ 파마리서치           (214450): 조회 실패
❌ 코람코라이프인프라리츠     (357120): 조회 실패
✅ 피에스케이홀딩스        (319660): ₩61,300 (-4.37%)
✅ 포스코퓨처엠          (003670): ₩226,500 (-8.30%)
❌ 한화솔루션           (009830): 조회 실패
❌ 엔씨소프트           (036570): 조회 실패
❌ 디앤씨미디어          (086960): 조회 실패
❌ SK텔레콤           (017670): 조회 실패
❌ LG이노텍           (011070): 조회 실패
❌ 대한항공            (003490): 조회 실패
------------------------------------------------------------

✅ 6개 종목 업데이트 완료
💾 DB 저장 완료: /Users/geon/.openclaw/workspace/prices.db
✅ KIS 데이터 수짜 완료

🎨 Step 2: HTML 페이지 생성
✅ HTML 생성 완료: /Users/geon/.openclaw/workspace/portfolio_kis.html
   종목 수: 10개
✅ HTML 페이지 생성 완료
📁 파일: /Users/geon/.openclaw/workspace/portfolio_kis.html

✨ 완료 시간: 2026-03-03 22:34:30
========================================
