[2026-03-10 07:49:07] ============================================================
[2026-03-10 07:49:07] 🚀 플레이북 자동 생성 시작
[2026-03-10 07:49:07] ✅ CSV 로드: 57개 종목
[2026-03-10 07:49:07] 📊 분석 완료: 총 자산 ₩10.6억, 수익률 29.3%
[2026-03-10 07:49:07] ✅ HTML 저장: /Users/geon/.openclaw/workspace/public/playbook.html
[2026-03-10 07:49:07] 🚀 Cloudflare 배포 중...
[2026-03-10 07:49:25] ✅ 배포: https://23dc3303.investment-command.pages.dev
[2026-03-10 07:49:25] 🏁 플레이북 생성 완료
[2026-03-11 07:00:06] ============================================================
[2026-03-11 07:00:06] 🚀 플레이북 자동 생성 시작
[2026-03-11 07:00:06] ✅ CSV 로드: 59개 종목
[2026-03-11 07:00:06] 📊 분석 완료: 총 자산 ₩10.8억, 수익률 28.3%
[2026-03-11 07:00:06] ✅ HTML 저장: /Users/geon/.openclaw/workspace/public/playbook.html
[2026-03-11 07:00:06] 🚀 Cloudflare 배포 중...
[2026-03-11 07:00:44] ✅ 배포: https://229ec05f.investment-command.pages.dev
[2026-03-11 07:00:44] 🏁 플레이북 생성 완료
[2026-03-11 07:00:06] ============================================================
[2026-03-11 07:00:06] 🚀 플레이북 자동 생성 시작
[2026-03-11 07:00:06] ✅ CSV 로드: 59개 종목
[2026-03-11 07:00:06] 📊 분석 완료: 총 자산 ₩10.8억, 수익률 28.3%
[2026-03-11 07:00:06] ✅ HTML 저장: /Users/geon/.openclaw/workspace/public/playbook.html
[2026-03-11 07:00:06] 🚀 Cloudflare 배포 중...
[2026-03-11 07:00:44] ✅ 배포: https://229ec05f.investment-command.pages.dev
[2026-03-11 07:00:44] 🏁 플레이북 생성 완료
