[2026-03-10 09:20:10] ═══════════════════════════════════
[2026-03-10 09:20:10] 🤖 스마트 스케줄링 시작 (KST 09:20, DOW=2)
[2026-03-10 09:20:10]   📈 장중 시간대 → 포트폴리오 30분 업데이트
[2026-03-10 09:20:10] 📊 포트폴리오 업데이터 실행
[2026-03-10 09:20:27] ✅ 포트폴리오 완료
[2026-03-10 09:20:27] 🏁 러너 완료
[2026-03-10 09:50:27] ═══════════════════════════════════
[2026-03-10 09:50:27] 🤖 스마트 스케줄링 시작 (KST 09:50, DOW=2)
[2026-03-10 09:50:27]   📈 장중 시간대 → 포트폴리오 30분 업데이트
[2026-03-10 09:50:27] 📊 포트폴리오 업데이터 실행
[2026-03-10 09:50:47] ✅ 포트폴리오 완료
[2026-03-10 09:50:47] 🏁 러너 완료
[2026-03-10 10:20:47] ═══════════════════════════════════
[2026-03-10 10:20:47] 🤖 스마트 스케줄링 시작 (KST 10:20, DOW=2)
[2026-03-10 10:20:47]   📈 장중 시간대 → 포트폴리오 30분 업데이트
[2026-03-10 10:20:47] 📊 포트폴리오 업데이터 실행
[2026-03-10 10:21:08] ✅ 포트폴리오 완료
[2026-03-10 10:21:08] 🏁 러너 완료
[2026-03-10 10:51:08] ═══════════════════════════════════
[2026-03-10 10:51:08] 🤖 스마트 스케줄링 시작 (KST 10:51, DOW=2)
[2026-03-10 10:51:08]   📈 장중 시간대 → 포트폴리오 30분 업데이트
[2026-03-10 10:51:08] 📊 포트폴리오 업데이터 실행
[2026-03-10 10:51:29] ✅ 포트폴리오 완료
[2026-03-10 10:51:29] 🏁 러너 완료
[2026-03-10 11:21:29] ═══════════════════════════════════
[2026-03-10 11:21:29] 🤖 스마트 스케줄링 시작 (KST 11:21, DOW=2)
[2026-03-10 11:21:29]   📈 장중 시간대 → 포트폴리오 30분 업데이트
[2026-03-10 11:21:29] 📊 포트폴리오 업데이터 실행
[2026-03-10 11:21:57] ✅ 포트폴리오 완료
[2026-03-10 11:21:57] 🏁 러너 완료
[2026-03-10 11:51:57] ═══════════════════════════════════
[2026-03-10 11:51:57] 🤖 스마트 스케줄링 시작 (KST 11:51, DOW=2)
[2026-03-10 11:51:57]   📈 장중 시간대 → 포트폴리오 30분 업데이트
[2026-03-10 11:51:57] 📊 포트폴리오 업데이터 실행
[2026-03-10 11:52:16] ✅ 포트폴리오 완료
[2026-03-10 11:52:16] 🏁 러너 완료
[2026-03-10 12:22:16] ═══════════════════════════════════
[2026-03-10 12:22:16] 🤖 스마트 스케줄링 시작 (KST 12:22, DOW=2)
[2026-03-10 12:22:16]   📈 장중 시간대 → 포트폴리오 30분 업데이트
[2026-03-10 12:22:16] 📊 포트폴리오 업데이터 실행
[2026-03-10 12:22:42] ✅ 포트폴리오 완료
[2026-03-10 12:22:42] 🏁 러너 완료
[2026-03-10 12:52:42] ═══════════════════════════════════
[2026-03-10 12:52:42] 🤖 스마트 스케줄링 시작 (KST 12:52, DOW=2)
[2026-03-10 12:52:42]   📈 장중 시간대 → 포트폴리오 30분 업데이트
[2026-03-10 12:52:42] 📊 포트폴리오 업데이터 실행
[2026-03-10 12:52:59] ✅ 포트폴리오 완료
[2026-03-10 12:52:59] 🏁 러너 완료
[2026-03-10 13:22:59] ═══════════════════════════════════
[2026-03-10 13:22:59] 🤖 스마트 스케줄링 시작 (KST 13:22, DOW=2)
[2026-03-10 13:22:59]   📈 장중 시간대 → 포트폴리오 30분 업데이트
[2026-03-10 13:22:59] 📊 포트폴리오 업데이터 실행
[2026-03-10 13:23:30] ✅ 포트폴리오 완료
[2026-03-10 13:23:30] 🏁 러너 완료
[2026-03-10 13:53:30] ═══════════════════════════════════
[2026-03-10 13:53:30] 🤖 스마트 스케줄링 시작 (KST 13:53, DOW=2)
[2026-03-10 13:53:30]   📈 장중 시간대 → 포트폴리오 30분 업데이트
[2026-03-10 13:53:30] 📊 포트폴리오 업데이터 실행
[2026-03-10 13:53:48] ✅ 포트폴리오 완료
[2026-03-10 13:53:48] 🏁 러너 완료
[2026-03-10 14:23:48] ═══════════════════════════════════
[2026-03-10 14:23:48] 🤖 스마트 스케줄링 시작 (KST 14:23, DOW=2)
[2026-03-10 14:23:48]   📈 장중 시간대 → 포트폴리오 30분 업데이트
[2026-03-10 14:23:48] 📊 포트폴리오 업데이터 실행
[2026-03-10 14:24:14] ✅ 포트폴리오 완료
[2026-03-10 14:24:14] 🏁 러너 완료
[2026-03-10 14:54:14] ═══════════════════════════════════
[2026-03-10 14:54:14] 🤖 스마트 스케줄링 시작 (KST 14:54, DOW=2)
[2026-03-10 14:54:14]   📈 장중 시간대 → 포트폴리오 30분 업데이트
[2026-03-10 14:54:14] 📊 포트폴리오 업데이터 실행
[2026-03-10 14:54:41] ✅ 포트폴리오 완료
[2026-03-10 14:54:41] 🏁 러너 완료
[2026-03-10 15:24:41] ═══════════════════════════════════
[2026-03-10 15:24:41] 🤖 스마트 스케줄링 시작 (KST 15:24, DOW=2)
[2026-03-10 15:24:41]   📈 장중 시간대 → 포트폴리오 30분 업데이트
[2026-03-10 15:24:41] 📊 포트폴리오 업데이터 실행
[2026-03-10 15:25:19] ✅ 포트폴리오 완료
[2026-03-10 15:25:19] 🏁 러너 완료
[2026-03-10 15:55:19] ═══════════════════════════════════
[2026-03-10 15:55:19] 🤖 스마트 스케줄링 시작 (KST 15:55, DOW=2)
[2026-03-10 15:55:19] ⏭️  이번 주기 건너뜀 (조건 미충족)
[2026-03-10 15:55:19] 🏁 러너 완료
[2026-03-10 16:25:19] ═══════════════════════════════════
[2026-03-10 16:25:19] 🤖 스마트 스케줄링 시작 (KST 16:25, DOW=2)
[2026-03-10 16:25:19] ⏭️  이번 주기 건너뜀 (조건 미충족)
[2026-03-10 16:25:19] 🏁 러너 완료
[2026-03-10 16:55:19] ═══════════════════════════════════
[2026-03-10 16:55:19] 🤖 스마트 스케줄링 시작 (KST 16:55, DOW=2)
[2026-03-10 16:55:19] ⏭️  이번 주기 건너뜀 (조건 미충족)
[2026-03-10 16:55:19] 🏁 러너 완료
[2026-03-10 17:25:19] ═══════════════════════════════════
[2026-03-10 17:25:19] 🤖 스마트 스케줄링 시작 (KST 17:25, DOW=2)
[2026-03-10 17:25:19] ⏭️  이번 주기 건너뜀 (조건 미충족)
[2026-03-10 17:25:19] 🏁 러너 완료
[2026-03-10 17:55:19] ═══════════════════════════════════
[2026-03-10 17:55:19] 🤖 스마트 스케줄링 시작 (KST 17:55, DOW=2)
[2026-03-10 17:55:19] ⏭️  이번 주기 건너뜀 (조건 미충족)
[2026-03-10 17:55:19] 🏁 러너 완료
[2026-03-10 18:25:19] ═══════════════════════════════════
[2026-03-10 18:25:19] 🤖 스마트 스케줄링 시작 (KST 18:25, DOW=2)
[2026-03-10 18:25:19]   💤 장외 시간대 → 포트폴리오 3시간 업데이트
[2026-03-10 18:25:19] 📊 포트폴리오 업데이터 실행
[2026-03-10 18:25:44] ✅ 포트폴리오 완료
[2026-03-10 18:25:44] 🏁 러너 완료
[2026-03-10 18:55:44] ═══════════════════════════════════
[2026-03-10 18:55:44] 🤖 스마트 스케줄링 시작 (KST 18:55, DOW=2)
[2026-03-10 18:55:44] ⏭️  이번 주기 건너뜀 (조건 미충족)
[2026-03-10 18:55:44] 🏁 러너 완료
[2026-03-10 19:25:45] ═══════════════════════════════════
[2026-03-10 19:25:45] 🤖 스마트 스케줄링 시작 (KST 19:25, DOW=2)
[2026-03-10 19:25:45] ⏭️  이번 주기 건너뜀 (조건 미충족)
[2026-03-10 19:25:45] 🏁 러너 완료
[2026-03-10 19:55:45] ═══════════════════════════════════
[2026-03-10 19:55:45] 🤖 스마트 스케줄링 시작 (KST 19:55, DOW=2)
[2026-03-10 19:55:45] ⏭️  이번 주기 건너뜀 (조건 미충족)
[2026-03-10 19:55:45] 🏁 러너 완료
[2026-03-10 20:25:45] ═══════════════════════════════════
[2026-03-10 20:25:45] 🤖 스마트 스케줄링 시작 (KST 20:25, DOW=2)
[2026-03-10 20:25:45] ⏭️  이번 주기 건너뜀 (조건 미충족)
[2026-03-10 20:25:45] 🏁 러너 완료
[2026-03-10 20:55:45] ═══════════════════════════════════
[2026-03-10 20:55:45] 🤖 스마트 스케줄링 시작 (KST 20:55, DOW=2)
[2026-03-10 20:55:45] ⏭️  이번 주기 건너뜀 (조건 미충족)
[2026-03-10 20:55:45] 🏁 러너 완료
[2026-03-10 21:25:45] ═══════════════════════════════════
[2026-03-10 21:25:45] 🤖 스마트 스케줄링 시작 (KST 21:25, DOW=2)
[2026-03-10 21:25:45]   💤 장외 시간대 → 포트폴리오 3시간 업데이트
[2026-03-10 21:25:45] 📊 포트폴리오 업데이터 실행
[2026-03-10 21:26:08] ✅ 포트폴리오 완료
[2026-03-10 21:26:08] 🏁 러너 완료
[2026-03-10 21:56:09] ═══════════════════════════════════
[2026-03-10 21:56:09] 🤖 스마트 스케줄링 시작 (KST 21:56, DOW=2)
[2026-03-10 21:56:09] ⏭️  이번 주기 건너뜀 (조건 미충족)
[2026-03-10 21:56:09] 🏁 러너 완료
[2026-03-10 22:26:09] ═══════════════════════════════════
[2026-03-10 22:26:09] 🤖 스마트 스케줄링 시작 (KST 22:26, DOW=2)
[2026-03-10 22:26:09] ⏭️  이번 주기 건너뜀 (조건 미충족)
[2026-03-10 22:26:09] 🏁 러너 완료
[2026-03-10 22:56:09] ═══════════════════════════════════
[2026-03-10 22:56:09] 🤖 스마트 스케줄링 시작 (KST 22:56, DOW=2)
[2026-03-10 22:56:09]   🌃 미장 시간대 → 포트폴리오 1시간 업데이트
[2026-03-10 22:56:09] 📊 포트폴리오 업데이터 실행
[2026-03-10 22:56:49] ✅ 포트폴리오 완료
[2026-03-10 22:56:49] 🏁 러너 완료
[2026-03-10 23:26:49] ═══════════════════════════════════
[2026-03-10 23:26:49] 🤖 스마트 스케줄링 시작 (KST 23:26, DOW=2)
[2026-03-10 23:26:49] ⏭️  이번 주기 건너뜀 (조건 미충족)
[2026-03-10 23:26:49] 🏁 러너 완료
[2026-03-10 23:56:49] ═══════════════════════════════════
[2026-03-10 23:56:49] 🤖 스마트 스케줄링 시작 (KST 23:56, DOW=2)
[2026-03-10 23:56:49] ⏭️  이번 주기 건너뜀 (조건 미충족)
[2026-03-10 23:56:49] 🏁 러너 완료
[2026-03-11 00:26:49] ═══════════════════════════════════
[2026-03-11 00:26:49] 🤖 스마트 스케줄링 시작 (KST 00:26, DOW=3)
[2026-03-11 00:26:49]   🌃 미장 시간대 → 포트폴리오 1시간 업데이트
[2026-03-11 00:26:49] 📊 포트폴리오 업데이터 실행
[2026-03-11 00:27:22] ✅ 포트폴리오 완료
[2026-03-11 00:27:22] 🏁 러너 완료
[2026-03-11 00:57:22] ═══════════════════════════════════
[2026-03-11 00:57:22] 🤖 스마트 스케줄링 시작 (KST 00:57, DOW=3)
[2026-03-11 00:57:22]   🌃 미장 시간대 → 포트폴리오 1시간 업데이트
[2026-03-11 00:57:22] 📊 포트폴리오 업데이터 실행
[2026-03-11 00:57:45] ✅ 포트폴리오 완료
[2026-03-11 00:57:45] 🏁 러너 완료
[2026-03-11 01:27:45] ═══════════════════════════════════
[2026-03-11 01:27:45] 🤖 스마트 스케줄링 시작 (KST 01:27, DOW=3)
[2026-03-11 01:27:45] ⏭️  이번 주기 건너뜀 (조건 미충족)
[2026-03-11 01:27:45] 🏁 러너 완료
[2026-03-11 01:57:45] ═══════════════════════════════════
[2026-03-11 01:57:45] 🤖 스마트 스케줄링 시작 (KST 01:57, DOW=3)
[2026-03-11 01:57:45] ⏭️  이번 주기 건너뜀 (조건 미충족)
[2026-03-11 01:57:45] 🏁 러너 완료
[2026-03-11 02:27:45] ═══════════════════════════════════
[2026-03-11 02:27:45] 🤖 스마트 스케줄링 시작 (KST 02:27, DOW=3)
[2026-03-11 02:27:45]   🌃 미장 시간대 → 포트폴리오 1시간 업데이트
[2026-03-11 02:27:45] 📊 포트폴리오 업데이터 실행
[2026-03-11 02:28:21] ✅ 포트폴리오 완료
[2026-03-11 02:28:21] 🏁 러너 완료
[2026-03-11 02:58:21] ═══════════════════════════════════
[2026-03-11 02:58:21] 🤖 스마트 스케줄링 시작 (KST 02:58, DOW=3)
[2026-03-11 02:58:21]   🌃 미장 시간대 → 포트폴리오 1시간 업데이트
[2026-03-11 02:58:21] 📊 포트폴리오 업데이터 실행
[2026-03-11 02:58:57] ✅ 포트폴리오 완료
[2026-03-11 02:58:57] 🏁 러너 완료
[2026-03-11 03:28:57] ═══════════════════════════════════
[2026-03-11 03:28:57] 🤖 스마트 스케줄링 시작 (KST 03:28, DOW=3)
[2026-03-11 03:28:57] ⏭️  이번 주기 건너뜀 (조건 미충족)
[2026-03-11 03:28:57] 🏁 러너 완료
[2026-03-11 03:58:57] ═══════════════════════════════════
[2026-03-11 03:58:57] 🤖 스마트 스케줄링 시작 (KST 03:58, DOW=3)
[2026-03-11 03:58:57] ⏭️  이번 주기 건너뜀 (조건 미충족)
[2026-03-11 03:58:57] 🏁 러너 완료
[2026-03-11 04:28:57] ═══════════════════════════════════
[2026-03-11 04:28:57] 🤖 스마트 스케줄링 시작 (KST 04:28, DOW=3)
[2026-03-11 04:28:57]   🌃 미장 시간대 → 포트폴리오 1시간 업데이트
[2026-03-11 04:28:57] 📊 포트폴리오 업데이터 실행
[2026-03-11 04:29:20] ✅ 포트폴리오 완료
[2026-03-11 04:29:20] 🏁 러너 완료
[2026-03-11 04:59:20] ═══════════════════════════════════
[2026-03-11 04:59:20] 🤖 스마트 스케줄링 시작 (KST 04:59, DOW=3)
[2026-03-11 04:59:20]   🌃 미장 시간대 → 포트폴리오 1시간 업데이트
[2026-03-11 04:59:20] 📊 포트폴리오 업데이터 실행
[2026-03-11 04:59:44] ✅ 포트폴리오 완료
[2026-03-11 04:59:44] 🏁 러너 완료
[2026-03-11 05:29:44] ═══════════════════════════════════
[2026-03-11 05:29:44] 🤖 스마트 스케줄링 시작 (KST 05:29, DOW=3)
[2026-03-11 05:29:44] ⏭️  이번 주기 건너뜀 (조건 미충족)
[2026-03-11 05:29:44] 🏁 러너 완료
[2026-03-11 05:59:44] ═══════════════════════════════════
[2026-03-11 05:59:44] 🤖 스마트 스케줄링 시작 (KST 05:59, DOW=3)
[2026-03-11 05:59:44] ⏭️  이번 주기 건너뜀 (조건 미충족)
[2026-03-11 05:59:44] 🏁 러너 완료
[2026-03-11 06:29:44] ═══════════════════════════════════
[2026-03-11 06:29:44] 🤖 스마트 스케줄링 시작 (KST 06:29, DOW=3)
[2026-03-11 06:29:44]   💤 장외 시간대 → 포트폴리오 3시간 업데이트
[2026-03-11 06:29:44] 📊 포트폴리오 업데이터 실행
[2026-03-11 06:30:05] ✅ 포트폴리오 완료
[2026-03-11 06:30:05] 🏁 러너 완료
[2026-03-11 07:00:06] ═══════════════════════════════════
[2026-03-11 07:00:06] 🤖 스마트 스케줄링 시작 (KST 07:00, DOW=3)
[2026-03-11 07:00:06]   📖 플레이북 07:00 — 일일 전략 업데이트
[2026-03-11 07:00:06] 📖 플레이북 생성기 실행
[2026-03-11 07:00:44] ✅ 플레이북 완료
[2026-03-11 07:00:44] 🏁 러너 완료
[2026-03-11 07:30:44] ═══════════════════════════════════
[2026-03-11 07:30:44] 🤖 스마트 스케줄링 시작 (KST 07:30, DOW=3)
[2026-03-11 07:30:44] ⏭️  이번 주기 건너뜀 (조건 미충족)
[2026-03-11 07:30:44] 🏁 러너 완료
[2026-03-11 08:00:44] ═══════════════════════════════════
[2026-03-11 08:00:44] 🤖 스마트 스케줄링 시작 (KST 08:00, DOW=3)
[2026-03-11 08:00:44] 🏁 러너 완료
[2026-03-11 08:30:44] ═══════════════════════════════════
[2026-03-11 08:30:44] 🤖 스마트 스케줄링 시작 (KST 08:30, DOW=3)
[2026-03-11 08:30:44] 🏁 러너 완료
[2026-03-11 09:00:44] ═══════════════════════════════════
[2026-03-11 09:00:44] 🤖 스마트 스케줄링 시작 (KST 09:00, DOW=3)
[2026-03-11 09:00:44]   📈 장중 시간대 → 포트폴리오 30분 업데이트
[2026-03-11 09:00:44] 📊 포트폴리오 업데이터 실행
[2026-03-11 09:01:24] ✅ 포트폴리오 완료
[2026-03-11 09:01:24] 🏁 러너 완료
[2026-03-11 09:31:24] ═══════════════════════════════════
[2026-03-11 09:31:24] 🤖 스마트 스케줄링 시작 (KST 09:31, DOW=3)
[2026-03-11 09:31:24]   📈 장중 시간대 → 포트폴리오 30분 업데이트
[2026-03-11 09:31:24] 📊 포트폴리오 업데이터 실행
[2026-03-11 09:31:43] ✅ 포트폴리오 완료
[2026-03-11 09:31:43] 🏁 러너 완료
[2026-03-11 10:01:43] ═══════════════════════════════════
[2026-03-11 10:01:43] 🤖 스마트 스케줄링 시작 (KST 10:01, DOW=3)
[2026-03-11 10:01:43]   📈 장중 시간대 → 포트폴리오 30분 업데이트
[2026-03-11 10:01:43] 📊 포트폴리오 업데이터 실행
[2026-03-11 10:02:06] ✅ 포트폴리오 완료
[2026-03-11 10:02:06] 🏁 러너 완료
[2026-03-11 10:32:06] ═══════════════════════════════════
[2026-03-11 10:32:06] 🤖 스마트 스케줄링 시작 (KST 10:32, DOW=3)
[2026-03-11 10:32:06]   📈 장중 시간대 → 포트폴리오 30분 업데이트
[2026-03-11 10:32:06] 📊 포트폴리오 업데이터 실행
[2026-03-11 10:32:32] ✅ 포트폴리오 완료
[2026-03-11 10:32:32] 🏁 러너 완료
[2026-03-11 11:02:32] ═══════════════════════════════════
[2026-03-11 11:02:32] 🤖 스마트 스케줄링 시작 (KST 11:02, DOW=3)
[2026-03-11 11:02:32]   📈 장중 시간대 → 포트폴리오 30분 업데이트
[2026-03-11 11:02:32] 📊 포트폴리오 업데이터 실행
[2026-03-11 11:02:54] ✅ 포트폴리오 완료
[2026-03-11 11:02:54] 🏁 러너 완료
[2026-03-11 11:32:54] ═══════════════════════════════════
[2026-03-11 11:32:54] 🤖 스마트 스케줄링 시작 (KST 11:32, DOW=3)
[2026-03-11 11:32:54]   📈 장중 시간대 → 포트폴리오 30분 업데이트
[2026-03-11 11:32:54] 📊 포트폴리오 업데이터 실행
[2026-03-11 11:33:20] ✅ 포트폴리오 완료
[2026-03-11 11:33:20] 🏁 러너 완료
[2026-03-11 12:03:20] ═══════════════════════════════════
[2026-03-11 12:03:20] 🤖 스마트 스케줄링 시작 (KST 12:03, DOW=3)
[2026-03-11 12:03:20]   📈 장중 시간대 → 포트폴리오 30분 업데이트
[2026-03-11 12:03:20] 📊 포트폴리오 업데이터 실행
[2026-03-11 12:03:43] ✅ 포트폴리오 완료
[2026-03-11 12:03:43] 🏁 러너 완료
[2026-03-11 12:33:43] ═══════════════════════════════════
[2026-03-11 12:33:43] 🤖 스마트 스케줄링 시작 (KST 12:33, DOW=3)
[2026-03-11 12:33:43]   📈 장중 시간대 → 포트폴리오 30분 업데이트
[2026-03-11 12:33:43] 📊 포트폴리오 업데이터 실행
[2026-03-11 12:34:03] ✅ 포트폴리오 완료
[2026-03-11 12:34:03] 🏁 러너 완료
[2026-03-11 13:04:03] ═══════════════════════════════════
[2026-03-11 13:04:04] 🤖 스마트 스케줄링 시작 (KST 13:04, DOW=3)
[2026-03-11 13:04:04]   📈 장중 시간대 → 포트폴리오 30분 업데이트
[2026-03-11 13:04:04] 📊 포트폴리오 업데이터 실행
[2026-03-11 13:04:28] ✅ 포트폴리오 완료
[2026-03-11 13:04:28] 🏁 러너 완료
[2026-03-11 13:34:28] ═══════════════════════════════════
[2026-03-11 13:34:28] 🤖 스마트 스케줄링 시작 (KST 13:34, DOW=3)
[2026-03-11 13:34:28]   📈 장중 시간대 → 포트폴리오 30분 업데이트
[2026-03-11 13:34:28] 📊 포트폴리오 업데이터 실행
[2026-03-11 13:34:50] ✅ 포트폴리오 완료
[2026-03-11 13:34:50] 🏁 러너 완료
[2026-03-11 14:04:50] ═══════════════════════════════════
[2026-03-11 14:04:50] 🤖 스마트 스케줄링 시작 (KST 14:04, DOW=3)
[2026-03-11 14:04:50]   📈 장중 시간대 → 포트폴리오 30분 업데이트
[2026-03-11 14:04:50] 📊 포트폴리오 업데이터 실행
[2026-03-11 14:05:23] ✅ 포트폴리오 완료
[2026-03-11 14:05:23] 🏁 러너 완료
[2026-03-11 14:35:23] ═══════════════════════════════════
[2026-03-11 14:35:23] 🤖 스마트 스케줄링 시작 (KST 14:35, DOW=3)
[2026-03-11 14:35:23]   📈 장중 시간대 → 포트폴리오 30분 업데이트
[2026-03-11 14:35:23] 📊 포트폴리오 업데이터 실행
[2026-03-11 14:35:54] ✅ 포트폴리오 완료
[2026-03-11 14:35:54] 🏁 러너 완료
[2026-03-11 15:05:54] ═══════════════════════════════════
[2026-03-11 15:05:54] 🤖 스마트 스케줄링 시작 (KST 15:05, DOW=3)
[2026-03-11 15:05:54]   📈 장중 시간대 → 포트폴리오 30분 업데이트
[2026-03-11 15:05:54] 📊 포트폴리오 업데이터 실행
[2026-03-11 15:06:24] ✅ 포트폴리오 완료
[2026-03-11 15:06:24] 🏁 러너 완료
[2026-03-11 15:36:24] ═══════════════════════════════════
[2026-03-11 15:36:24] 🤖 스마트 스케줄링 시작 (KST 15:36, DOW=3)
[2026-03-11 15:36:24] ⏭️  이번 주기 건너뜀 (조건 미충족)
[2026-03-11 15:36:24] 🏁 러너 완료
[2026-03-11 16:06:24] ═══════════════════════════════════
[2026-03-11 16:06:24] 🤖 스마트 스케줄링 시작 (KST 16:06, DOW=3)
[2026-03-11 16:06:24] ⏭️  이번 주기 건너뜀 (조건 미충족)
[2026-03-11 16:06:24] 🏁 러너 완료
[2026-03-11 16:36:24] ═══════════════════════════════════
[2026-03-11 16:36:24] 🤖 스마트 스케줄링 시작 (KST 16:36, DOW=3)
[2026-03-11 16:36:24] ⏭️  이번 주기 건너뜀 (조건 미충족)
[2026-03-11 16:36:24] 🏁 러너 완료
[2026-03-11 17:06:24] ═══════════════════════════════════
[2026-03-11 17:06:24] 🤖 스마트 스케줄링 시작 (KST 17:06, DOW=3)
[2026-03-11 17:06:24] ⏭️  이번 주기 건너뜀 (조건 미충족)
[2026-03-11 17:06:24] 🏁 러너 완료
[2026-03-11 17:36:24] ═══════════════════════════════════
[2026-03-11 17:36:24] 🤖 스마트 스케줄링 시작 (KST 17:36, DOW=3)
[2026-03-11 17:36:24] ⏭️  이번 주기 건너뜀 (조건 미충족)
[2026-03-11 17:36:24] 🏁 러너 완료
[2026-03-11 18:06:24] ═══════════════════════════════════
[2026-03-11 18:06:24] 🤖 스마트 스케줄링 시작 (KST 18:06, DOW=3)
[2026-03-11 18:06:24]   💤 장외 시간대 → 포트폴리오 3시간 업데이트
[2026-03-11 18:06:24] 📊 포트폴리오 업데이터 실행
[2026-03-11 18:07:37] ✅ 포트폴리오 완료
[2026-03-11 18:07:37] 🏁 러너 완료
[2026-03-11 18:37:37] ═══════════════════════════════════
[2026-03-11 18:37:37] 🤖 스마트 스케줄링 시작 (KST 18:37, DOW=3)
[2026-03-11 18:37:37] ⏭️  이번 주기 건너뜀 (조건 미충족)
[2026-03-11 18:37:37] 🏁 러너 완료
[2026-03-11 19:07:37] ═══════════════════════════════════
[2026-03-11 19:07:37] 🤖 스마트 스케줄링 시작 (KST 19:07, DOW=3)
[2026-03-11 19:07:37] ⏭️  이번 주기 건너뜀 (조건 미충족)
[2026-03-11 19:07:37] 🏁 러너 완료
[2026-03-11 19:37:37] ═══════════════════════════════════
[2026-03-11 19:37:37] 🤖 스마트 스케줄링 시작 (KST 19:37, DOW=3)
[2026-03-11 19:37:37] ⏭️  이번 주기 건너뜀 (조건 미충족)
[2026-03-11 19:37:37] 🏁 러너 완료
[2026-03-11 20:07:37] ═══════════════════════════════════
[2026-03-11 20:07:37] 🤖 스마트 스케줄링 시작 (KST 20:07, DOW=3)
[2026-03-11 20:07:37] ⏭️  이번 주기 건너뜀 (조건 미충족)
[2026-03-11 20:07:37] 🏁 러너 완료
[2026-03-11 20:37:37] ═══════════════════════════════════
[2026-03-11 20:37:37] 🤖 스마트 스케줄링 시작 (KST 20:37, DOW=3)
[2026-03-11 20:37:37] ⏭️  이번 주기 건너뜀 (조건 미충족)
[2026-03-11 20:37:37] 🏁 러너 완료
